=======================================================
= Elapsed: 2650 milliseconds
= In message: <?xml version="1.0" encoding="UTF-8"?><soapenv:Envelope xmlns:soapenv="http://schemas.xmlsoap.org/soap/envelope/" xmlns:xsd="http://www.w3.org/2001/XMLSchema" xmlns:xsi="http://www.w3.org/2001/XMLSchema-instance">
 <soapenv:Body>
  <TrackRequest xmlns="http://fedex.com/ws/track/v6">
   <WebAuthenticationDetail>
    <UserCredential>
     <Key>XXX</Key>
     <Password>XXX</Password>
    </UserCredential>
   </WebAuthenticationDetail>
   <ClientDetail>
    <AccountNumber>XXX</AccountNumber>
    <MeterNumber>XXX</MeterNumber>
   </ClientDetail>
   <TransactionDetail>
    <CustomerTransactionId>java sample - Tracking Request</CustomerTransactionId>
   </TransactionDetail>
   <Version>
    <ServiceId>trck</ServiceId>
    <Major>6</Major>
    <Intermediate>0</Intermediate>
    <Minor>0</Minor>
   </Version>
   <PackageIdentifier>
    <Value>XXX</Value>
    <Type>TRACKING_NUMBER_OR_DOORTAG</Type>
   </PackageIdentifier>
   <IncludeDetailedScans>true</IncludeDetailedScans>
  </TrackRequest>
 </soapenv:Body>
</soapenv:Envelope>
= Out message: <SOAP-ENV:Envelope xmlns:SOAP-ENV="http://schemas.xmlsoap.org/soap/envelope/"><SOAP-ENV:Header/><SOAP-ENV:Body><v6:TrackReply xmlns:v6="http://fedex.com/ws/track/v6"> <v6:HighestSeverity xmlns:v6="http://fedex.com/ws/track/v6">ERROR</v6:HighestSeverity>  <v6:Notifications xmlns:v6="http://fedex.com/ws/track/v6">     <v6:Severity xmlns:v6="http://fedex.com/ws/track/v6">ERROR</v6:Severity>     <v6:Source xmlns:v6="http://fedex.com/ws/track/v6">prof</v6:Source>     <v6:Code xmlns:v6="http://fedex.com/ws/track/v6">1000</v6:Code>     <v6:Message xmlns:v6="http://fedex.com/ws/track/v6">Authentication Failed</v6:Message>  </v6:Notifications> <v6:TransactionDetail xmlns:v6="http://fedex.com/ws/track/v6"><v6:CustomerTransactionId xmlns:v6="http://fedex.com/ws/track/v6">java sample - Tracking Request</v6:CustomerTransactionId> </v6:TransactionDetail>  <v6:Version xmlns:v6="http://fedex.com/ws/track/v6">     <v6:ServiceId xmlns:v6="http://fedex.com/ws/track/v6">trck</v6:ServiceId>     <v6:Major xmlns:v6="http://fedex.com/ws/track/v6">6</v6:Major>     <v6:Intermediate xmlns:v6="http://fedex.com/ws/track/v6">0</v6:Intermediate>     <v6:Minor xmlns:v6="http://fedex.com/ws/track/v6">0</v6:Minor>  </v6:Version> </v6:TrackReply></SOAP-ENV:Body></SOAP-ENV:Envelope>
=======================================================
=======================================================
= Elapsed: 2693 milliseconds
= In message: <?xml version="1.0" encoding="UTF-8"?><soapenv:Envelope xmlns:soapenv="http://schemas.xmlsoap.org/soap/envelope/" xmlns:xsd="http://www.w3.org/2001/XMLSchema" xmlns:xsi="http://www.w3.org/2001/XMLSchema-instance">
 <soapenv:Body>
  <TrackRequest xmlns="http://fedex.com/ws/track/v6">
   <WebAuthenticationDetail>
    <UserCredential>
     <Key>irjOg2upIlw1zpmq</Key>
     <Password>tumvPyfGT1AfxfbcZV1H5C66L</Password>
    </UserCredential>
   </WebAuthenticationDetail>
   <ClientDetail>
    <AccountNumber>510087585</AccountNumber>
    <MeterNumber>118571578</MeterNumber>
   </ClientDetail>
   <TransactionDetail>
    <CustomerTransactionId>java sample - Tracking Request</CustomerTransactionId>
   </TransactionDetail>
   <Version>
    <ServiceId>trck</ServiceId>
    <Major>6</Major>
    <Intermediate>0</Intermediate>
    <Minor>0</Minor>
   </Version>
   <PackageIdentifier>
    <Value>502369599566</Value>
    <Type>TRACKING_NUMBER_OR_DOORTAG</Type>
   </PackageIdentifier>
   <IncludeDetailedScans>true</IncludeDetailedScans>
  </TrackRequest>
 </soapenv:Body>
</soapenv:Envelope>
= Out message: <SOAP-ENV:Envelope xmlns:SOAP-ENV="http://schemas.xmlsoap.org/soap/envelope/"><SOAP-ENV:Header/><SOAP-ENV:Body><TrackReply xmlns="http://fedex.com/ws/track/v6"><HighestSeverity xmlns="http://fedex.com/ws/track/v6">SUCCESS</HighestSeverity><Notifications xmlns="http://fedex.com/ws/track/v6"><Severity xmlns="http://fedex.com/ws/track/v6">SUCCESS</Severity><Source xmlns="http://fedex.com/ws/track/v6">trck</Source><Code xmlns="http://fedex.com/ws/track/v6">0</Code><Message xmlns="http://fedex.com/ws/track/v6">Request was successfully processed.</Message><LocalizedMessage xmlns="http://fedex.com/ws/track/v6">Request was successfully processed.</LocalizedMessage></Notifications><TransactionDetail xmlns="http://fedex.com/ws/track/v6"><CustomerTransactionId xmlns="http://fedex.com/ws/track/v6">java sample - Tracking Request</CustomerTransactionId></TransactionDetail><Version xmlns="http://fedex.com/ws/track/v6"><ServiceId xmlns="http://fedex.com/ws/track/v6">trck</ServiceId><Major xmlns="http://fedex.com/ws/track/v6">6</Major><Intermediate xmlns="http://fedex.com/ws/track/v6">0</Intermediate><Minor xmlns="http://fedex.com/ws/track/v6">0</Minor></Version><DuplicateWaybill xmlns="http://fedex.com/ws/track/v6">false</DuplicateWaybill><MoreData xmlns="http://fedex.com/ws/track/v6">false</MoreData><TrackDetails xmlns="http://fedex.com/ws/track/v6"><Notification xmlns="http://fedex.com/ws/track/v6"><Severity xmlns="http://fedex.com/ws/track/v6">SUCCESS</Severity><Source xmlns="http://fedex.com/ws/track/v6">trck</Source><Code xmlns="http://fedex.com/ws/track/v6">0</Code><Message xmlns="http://fedex.com/ws/track/v6">Request was successfully processed.</Message><LocalizedMessage xmlns="http://fedex.com/ws/track/v6">Request was successfully processed.</LocalizedMessage></Notification><TrackingNumber xmlns="http://fedex.com/ws/track/v6">502369599566</TrackingNumber><TrackingNumberUniqueIdentifier xmlns="http://fedex.com/ws/track/v6">2456407000~502369599566~FX</TrackingNumberUniqueIdentifier><StatusCode xmlns="http://fedex.com/ws/track/v6">DL</StatusCode><StatusDescription xmlns="http://fedex.com/ws/track/v6">Delivered</StatusDescription><CarrierCode xmlns="http://fedex.com/ws/track/v6">FDXE</CarrierCode><OtherIdentifiers xmlns="http://fedex.com/ws/track/v6"><Value xmlns="http://fedex.com/ws/track/v6">275087702</Value><Type xmlns="http://fedex.com/ws/track/v6">SHIPPER_REFERENCE</Type></OtherIdentifiers><ServiceInfo xmlns="http://fedex.com/ws/track/v6">Standard Overnight</ServiceInfo><ServiceType xmlns="http://fedex.com/ws/track/v6">STANDARD_OVERNIGHT</ServiceType><PackageWeight xmlns="http://fedex.com/ws/track/v6"><Units xmlns="http://fedex.com/ws/track/v6">LB</Units><Value xmlns="http://fedex.com/ws/track/v6">2.0</Value></PackageWeight><ShipmentWeight xmlns="http://fedex.com/ws/track/v6"><Units xmlns="http://fedex.com/ws/track/v6">LB</Units><Value xmlns="http://fedex.com/ws/track/v6">2.0</Value></ShipmentWeight><Packaging xmlns="http://fedex.com/ws/track/v6">Your Packaging</Packaging><PackageSequenceNumber xmlns="http://fedex.com/ws/track/v6">1</PackageSequenceNumber><PackageCount xmlns="http://fedex.com/ws/track/v6">1</PackageCount><ShipTimestamp xmlns="http://fedex.com/ws/track/v6">2013-04-24T10:36:00-05:00</ShipTimestamp><DestinationAddress xmlns="http://fedex.com/ws/track/v6"><City xmlns="http://fedex.com/ws/track/v6">CAMPBELL</City><StateOrProvinceCode xmlns="http://fedex.com/ws/track/v6">CA</StateOrProvinceCode><CountryCode xmlns="http://fedex.com/ws/track/v6">US</CountryCode><Residential xmlns="http://fedex.com/ws/track/v6">false</Residential></DestinationAddress><ActualDeliveryTimestamp xmlns="http://fedex.com/ws/track/v6">2013-04-25T11:04:00-07:00</ActualDeliveryTimestamp><ActualDeliveryAddress xmlns="http://fedex.com/ws/track/v6"><City xmlns="http://fedex.com/ws/track/v6">CAMPBELL</City><StateOrProvinceCode xmlns="http://fedex.com/ws/track/v6">CA</StateOrProvinceCode><CountryCode xmlns="http://fedex.com/ws/track/v6">US</CountryCode><Residential xmlns="http://fedex.com/ws/track/v6">false</Residential></ActualDeliveryAddress><DeliveryLocationType xmlns="http://fedex.com/ws/track/v6">RESIDENCE</DeliveryLocationType><DeliveryLocationDescription xmlns="http://fedex.com/ws/track/v6">Residence</DeliveryLocationDescription><DeliverySignatureName xmlns="http://fedex.com/ws/track/v6">Signature not required</DeliverySignatureName><SignatureProofOfDeliveryAvailable xmlns="http://fedex.com/ws/track/v6">false</SignatureProofOfDeliveryAvailable><NotificationEventsAvailable xmlns="http://fedex.com/ws/track/v6">ON_DELIVERY</NotificationEventsAvailable><RedirectToHoldEligibility xmlns="http://fedex.com/ws/track/v6">INELIGIBLE</RedirectToHoldEligibility><Events xmlns="http://fedex.com/ws/track/v6"><Timestamp xmlns="http://fedex.com/ws/track/v6">2013-04-25T11:04:00-07:00</Timestamp><EventType xmlns="http://fedex.com/ws/track/v6">DL</EventType><EventDescription xmlns="http://fedex.com/ws/track/v6">Delivered</EventDescription><StatusExceptionCode xmlns="http://fedex.com/ws/track/v6">02</StatusExceptionCode><StatusExceptionDescription xmlns="http://fedex.com/ws/track/v6">Left at front door. Package delivered to recipient address - release authorized</StatusExceptionDescription><Address xmlns="http://fedex.com/ws/track/v6"><City xmlns="http://fedex.com/ws/track/v6">CAMPBELL</City><StateOrProvinceCode xmlns="http://fedex.com/ws/track/v6">CA</StateOrProvinceCode><PostalCode xmlns="http://fedex.com/ws/track/v6">95008</PostalCode><CountryCode xmlns="http://fedex.com/ws/track/v6">US</CountryCode><Residential xmlns="http://fedex.com/ws/track/v6">false</Residential></Address><ArrivalLocation xmlns="http://fedex.com/ws/track/v6">DELIVERY_LOCATION</ArrivalLocation></Events><Events xmlns="http://fedex.com/ws/track/v6"><Timestamp xmlns="http://fedex.com/ws/track/v6">2013-04-25T08:59:00-07:00</Timestamp><EventType xmlns="http://fedex.com/ws/track/v6">OD</EventType><EventDescription xmlns="http://fedex.com/ws/track/v6">On FedEx vehicle for delivery</EventDescription><Address xmlns="http://fedex.com/ws/track/v6"><City xmlns="http://fedex.com/ws/track/v6">SUNNYVALE</City><StateOrProvinceCode xmlns="http://fedex.com/ws/track/v6">CA</StateOrProvinceCode><PostalCode xmlns="http://fedex.com/ws/track/v6">94089</PostalCode><CountryCode xmlns="http://fedex.com/ws/track/v6">US</CountryCode><Residential xmlns="http://fedex.com/ws/track/v6">false</Residential></Address><ArrivalLocation xmlns="http://fedex.com/ws/track/v6">VEHICLE</ArrivalLocation></Events><Events xmlns="http://fedex.com/ws/track/v6"><Timestamp xmlns="http://fedex.com/ws/track/v6">2013-04-25T07:20:00-07:00</Timestamp><EventType xmlns="http://fedex.com/ws/track/v6">AR</EventType><EventDescription xmlns="http://fedex.com/ws/track/v6">At local FedEx facility</EventDescription><Address xmlns="http://fedex.com/ws/track/v6"><City xmlns="http://fedex.com/ws/track/v6">SUNNYVALE</City><StateOrProvinceCode xmlns="http://fedex.com/ws/track/v6">CA</StateOrProvinceCode><PostalCode xmlns="http://fedex.com/ws/track/v6">94089</PostalCode><CountryCode xmlns="http://fedex.com/ws/track/v6">US</CountryCode><Residential xmlns="http://fedex.com/ws/track/v6">false</Residential></Address><ArrivalLocation xmlns="http://fedex.com/ws/track/v6">DESTINATION_FEDEX_FACILITY</ArrivalLocation></Events><Events xmlns="http://fedex.com/ws/track/v6"><Timestamp xmlns="http://fedex.com/ws/track/v6">2013-04-25T05:50:00-07:00</Timestamp><EventType xmlns="http://fedex.com/ws/track/v6">DP</EventType><EventDescription xmlns="http://fedex.com/ws/track/v6">Departed FedEx location</EventDescription><Address xmlns="http://fedex.com/ws/track/v6"><City xmlns="http://fedex.com/ws/track/v6">OAKLAND</City><StateOrProvinceCode xmlns="http://fedex.com/ws/track/v6">CA</StateOrProvinceCode><PostalCode xmlns="http://fedex.com/ws/track/v6">94621</PostalCode><CountryCode xmlns="http://fedex.com/ws/track/v6">US</CountryCode><Residential xmlns="http://fedex.com/ws/track/v6">false</Residential></Address><ArrivalLocation xmlns="http://fedex.com/ws/track/v6">FEDEX_FACILITY</ArrivalLocation></Events><Events xmlns="http://fedex.com/ws/track/v6"><Timestamp xmlns="http://fedex.com/ws/track/v6">2013-04-25T04:42:00-07:00</Timestamp><EventType xmlns="http://fedex.com/ws/track/v6">AR</EventType><EventDescription xmlns="http://fedex.com/ws/track/v6">Arrived at FedEx location</EventDescription><Address xmlns="http://fedex.com/ws/track/v6"><City xmlns="http://fedex.com/ws/track/v6">OAKLAND</City><StateOrProvinceCode xmlns="http://fedex.com/ws/track/v6">CA</StateOrProvinceCode><PostalCode xmlns="http://fedex.com/ws/track/v6">94621</PostalCode><CountryCode xmlns="http://fedex.com/ws/track/v6">US</CountryCode><Residential xmlns="http://fedex.com/ws/track/v6">false</Residential></Address><ArrivalLocation xmlns="http://fedex.com/ws/track/v6">FEDEX_FACILITY</ArrivalLocation></Events><Events xmlns="http://fedex.com/ws/track/v6"><Timestamp xmlns="http://fedex.com/ws/track/v6">2013-04-25T03:22:00-05:00</Timestamp><EventType xmlns="http://fedex.com/ws/track/v6">DP</EventType><EventDescription xmlns="http://fedex.com/ws/track/v6">Departed FedEx location</EventDescription><Address xmlns="http://fedex.com/ws/track/v6"><City xmlns="http://fedex.com/ws/track/v6">FORT WORTH</City><StateOrProvinceCode xmlns="http://fedex.com/ws/track/v6">TX</StateOrProvinceCode><PostalCode xmlns="http://fedex.com/ws/track/v6">76177</PostalCode><CountryCode xmlns="http://fedex.com/ws/track/v6">US</CountryCode><Residential xmlns="http://fedex.com/ws/track/v6">false</Residential></Address><ArrivalLocation xmlns="http://fedex.com/ws/track/v6">FEDEX_FACILITY</ArrivalLocation></Events><Events xmlns="http://fedex.com/ws/track/v6"><Timestamp xmlns="http://fedex.com/ws/track/v6">2013-04-24T21:19:00-05:00</Timestamp><EventType xmlns="http://fedex.com/ws/track/v6">AR</EventType><EventDescription xmlns="http://fedex.com/ws/track/v6">Arrived at FedEx location</EventDescription><Address xmlns="http://fedex.com/ws/track/v6"><City xmlns="http://fedex.com/ws/track/v6">FORT WORTH</City><StateOrProvinceCode xmlns="http://fedex.com/ws/track/v6">TX</StateOrProvinceCode><PostalCode xmlns="http://fedex.com/ws/track/v6">76177</PostalCode><CountryCode xmlns="http://fedex.com/ws/track/v6">US</CountryCode><Residential xmlns="http://fedex.com/ws/track/v6">false</Residential></Address><ArrivalLocation xmlns="http://fedex.com/ws/track/v6">FEDEX_FACILITY</ArrivalLocation></Events><Events xmlns="http://fedex.com/ws/track/v6"><Timestamp xmlns="http://fedex.com/ws/track/v6">2013-04-24T19:01:00-05:00</Timestamp><EventType xmlns="http://fedex.com/ws/track/v6">DP</EventType><EventDescription xmlns="http://fedex.com/ws/track/v6">Left FedEx origin facility</EventDescription><Address xmlns="http://fedex.com/ws/track/v6"><City xmlns="http://fedex.com/ws/track/v6">FORT WORTH</City><StateOrProvinceCode xmlns="http://fedex.com/ws/track/v6">TX</StateOrProvinceCode><PostalCode xmlns="http://fedex.com/ws/track/v6">76177</PostalCode><CountryCode xmlns="http://fedex.com/ws/track/v6">US</CountryCode><Residential xmlns="http://fedex.com/ws/track/v6">false</Residential></Address><ArrivalLocation xmlns="http://fedex.com/ws/track/v6">ORIGIN_FEDEX_FACILITY</ArrivalLocation></Events><Events xmlns="http://fedex.com/ws/track/v6"><Timestamp xmlns="http://fedex.com/ws/track/v6">2013-04-24T12:36:07-05:00</Timestamp><EventType xmlns="http://fedex.com/ws/track/v6">OC</EventType><EventDescription xmlns="http://fedex.com/ws/track/v6">Shipment information sent to FedEx</EventDescription><Address xmlns="http://fedex.com/ws/track/v6"><Residential xmlns="http://fedex.com/ws/track/v6">false</Residential></Address><ArrivalLocation xmlns="http://fedex.com/ws/track/v6">CUSTOMER</ArrivalLocation></Events><Events xmlns="http://fedex.com/ws/track/v6"><Timestamp xmlns="http://fedex.com/ws/track/v6">2013-04-24T10:36:00-05:00</Timestamp><EventType xmlns="http://fedex.com/ws/track/v6">PU</EventType><EventDescription xmlns="http://fedex.com/ws/track/v6">Picked up</EventDescription><Address xmlns="http://fedex.com/ws/track/v6"><City xmlns="http://fedex.com/ws/track/v6">FORT WORTH</City><StateOrProvinceCode xmlns="http://fedex.com/ws/track/v6">TX</StateOrProvinceCode><PostalCode xmlns="http://fedex.com/ws/track/v6">76177</PostalCode><CountryCode xmlns="http://fedex.com/ws/track/v6">US</CountryCode><Residential xmlns="http://fedex.com/ws/track/v6">false</Residential></Address><ArrivalLocation xmlns="http://fedex.com/ws/track/v6">PICKUP_LOCATION</ArrivalLocation></Events></TrackDetails></TrackReply></SOAP-ENV:Body></SOAP-ENV:Envelope>
=======================================================
=======================================================
= Elapsed: 2256 milliseconds
= In message: <?xml version="1.0" encoding="UTF-8"?><soapenv:Envelope xmlns:soapenv="http://schemas.xmlsoap.org/soap/envelope/" xmlns:xsd="http://www.w3.org/2001/XMLSchema" xmlns:xsi="http://www.w3.org/2001/XMLSchema-instance">
 <soapenv:Body>
  <TrackRequest xmlns="http://fedex.com/ws/track/v6">
   <WebAuthenticationDetail>
    <UserCredential>
     <Key>icXMly15PEVRik9t</Key>
     <Password>TsLAm4V11p3giquC3FSgS9R0S</Password>
    </UserCredential>
   </WebAuthenticationDetail>
   <ClientDetail>
    <AccountNumber>364908776</AccountNumber>
    <MeterNumber>105144842</MeterNumber>
   </ClientDetail>
   <TransactionDetail>
    <CustomerTransactionId>java sample - Tracking Request</CustomerTransactionId>
   </TransactionDetail>
   <Version>
    <ServiceId>trck</ServiceId>
    <Major>6</Major>
    <Intermediate>0</Intermediate>
    <Minor>0</Minor>
   </Version>
   <PackageIdentifier>
    <Value>502369599566</Value>
    <Type>TRACKING_NUMBER_OR_DOORTAG</Type>
   </PackageIdentifier>
   <IncludeDetailedScans>true</IncludeDetailedScans>
  </TrackRequest>
 </soapenv:Body>
</soapenv:Envelope>
= Out message: <SOAP-ENV:Envelope xmlns:SOAP-ENV="http://schemas.xmlsoap.org/soap/envelope/"><SOAP-ENV:Header/><SOAP-ENV:Body><TrackReply xmlns="http://fedex.com/ws/track/v6"><HighestSeverity xmlns="http://fedex.com/ws/track/v6">SUCCESS</HighestSeverity><Notifications xmlns="http://fedex.com/ws/track/v6"><Severity xmlns="http://fedex.com/ws/track/v6">SUCCESS</Severity><Source xmlns="http://fedex.com/ws/track/v6">trck</Source><Code xmlns="http://fedex.com/ws/track/v6">0</Code><Message xmlns="http://fedex.com/ws/track/v6">Request was successfully processed.</Message><LocalizedMessage xmlns="http://fedex.com/ws/track/v6">Request was successfully processed.</LocalizedMessage></Notifications><TransactionDetail xmlns="http://fedex.com/ws/track/v6"><CustomerTransactionId xmlns="http://fedex.com/ws/track/v6">java sample - Tracking Request</CustomerTransactionId></TransactionDetail><Version xmlns="http://fedex.com/ws/track/v6"><ServiceId xmlns="http://fedex.com/ws/track/v6">trck</ServiceId><Major xmlns="http://fedex.com/ws/track/v6">6</Major><Intermediate xmlns="http://fedex.com/ws/track/v6">0</Intermediate><Minor xmlns="http://fedex.com/ws/track/v6">0</Minor></Version><DuplicateWaybill xmlns="http://fedex.com/ws/track/v6">false</DuplicateWaybill><MoreData xmlns="http://fedex.com/ws/track/v6">false</MoreData><TrackDetails xmlns="http://fedex.com/ws/track/v6"><Notification xmlns="http://fedex.com/ws/track/v6"><Severity xmlns="http://fedex.com/ws/track/v6">SUCCESS</Severity><Source xmlns="http://fedex.com/ws/track/v6">trck</Source><Code xmlns="http://fedex.com/ws/track/v6">0</Code><Message xmlns="http://fedex.com/ws/track/v6">Request was successfully processed.</Message><LocalizedMessage xmlns="http://fedex.com/ws/track/v6">Request was successfully processed.</LocalizedMessage></Notification><TrackingNumber xmlns="http://fedex.com/ws/track/v6">502369599566</TrackingNumber><TrackingNumberUniqueIdentifier xmlns="http://fedex.com/ws/track/v6">2456407000~502369599566~FX</TrackingNumberUniqueIdentifier><StatusCode xmlns="http://fedex.com/ws/track/v6">DL</StatusCode><StatusDescription xmlns="http://fedex.com/ws/track/v6">Delivered</StatusDescription><CarrierCode xmlns="http://fedex.com/ws/track/v6">FDXE</CarrierCode><OtherIdentifiers xmlns="http://fedex.com/ws/track/v6"><Value xmlns="http://fedex.com/ws/track/v6">275087702</Value><Type xmlns="http://fedex.com/ws/track/v6">SHIPPER_REFERENCE</Type></OtherIdentifiers><ServiceInfo xmlns="http://fedex.com/ws/track/v6">Standard Overnight</ServiceInfo><ServiceType xmlns="http://fedex.com/ws/track/v6">STANDARD_OVERNIGHT</ServiceType><PackageWeight xmlns="http://fedex.com/ws/track/v6"><Units xmlns="http://fedex.com/ws/track/v6">LB</Units><Value xmlns="http://fedex.com/ws/track/v6">2.0</Value></PackageWeight><ShipmentWeight xmlns="http://fedex.com/ws/track/v6"><Units xmlns="http://fedex.com/ws/track/v6">LB</Units><Value xmlns="http://fedex.com/ws/track/v6">2.0</Value></ShipmentWeight><Packaging xmlns="http://fedex.com/ws/track/v6">Your Packaging</Packaging><PackageSequenceNumber xmlns="http://fedex.com/ws/track/v6">1</PackageSequenceNumber><PackageCount xmlns="http://fedex.com/ws/track/v6">1</PackageCount><ShipTimestamp xmlns="http://fedex.com/ws/track/v6">2013-04-24T10:36:00-05:00</ShipTimestamp><DestinationAddress xmlns="http://fedex.com/ws/track/v6"><City xmlns="http://fedex.com/ws/track/v6">CAMPBELL</City><StateOrProvinceCode xmlns="http://fedex.com/ws/track/v6">CA</StateOrProvinceCode><CountryCode xmlns="http://fedex.com/ws/track/v6">US</CountryCode><Residential xmlns="http://fedex.com/ws/track/v6">false</Residential></DestinationAddress><ActualDeliveryTimestamp xmlns="http://fedex.com/ws/track/v6">2013-04-25T11:04:00-07:00</ActualDeliveryTimestamp><ActualDeliveryAddress xmlns="http://fedex.com/ws/track/v6"><City xmlns="http://fedex.com/ws/track/v6">CAMPBELL</City><StateOrProvinceCode xmlns="http://fedex.com/ws/track/v6">CA</StateOrProvinceCode><CountryCode xmlns="http://fedex.com/ws/track/v6">US</CountryCode><Residential xmlns="http://fedex.com/ws/track/v6">false</Residential></ActualDeliveryAddress><DeliveryLocationType xmlns="http://fedex.com/ws/track/v6">RESIDENCE</DeliveryLocationType><DeliveryLocationDescription xmlns="http://fedex.com/ws/track/v6">Residence</DeliveryLocationDescription><DeliverySignatureName xmlns="http://fedex.com/ws/track/v6">Signature not required</DeliverySignatureName><SignatureProofOfDeliveryAvailable xmlns="http://fedex.com/ws/track/v6">false</SignatureProofOfDeliveryAvailable><NotificationEventsAvailable xmlns="http://fedex.com/ws/track/v6">ON_DELIVERY</NotificationEventsAvailable><RedirectToHoldEligibility xmlns="http://fedex.com/ws/track/v6">INELIGIBLE</RedirectToHoldEligibility><Events xmlns="http://fedex.com/ws/track/v6"><Timestamp xmlns="http://fedex.com/ws/track/v6">2013-04-25T11:04:00-07:00</Timestamp><EventType xmlns="http://fedex.com/ws/track/v6">DL</EventType><EventDescription xmlns="http://fedex.com/ws/track/v6">Delivered</EventDescription><StatusExceptionCode xmlns="http://fedex.com/ws/track/v6">02</StatusExceptionCode><StatusExceptionDescription xmlns="http://fedex.com/ws/track/v6">Left at front door. Package delivered to recipient address - release authorized</StatusExceptionDescription><Address xmlns="http://fedex.com/ws/track/v6"><City xmlns="http://fedex.com/ws/track/v6">CAMPBELL</City><StateOrProvinceCode xmlns="http://fedex.com/ws/track/v6">CA</StateOrProvinceCode><PostalCode xmlns="http://fedex.com/ws/track/v6">95008</PostalCode><CountryCode xmlns="http://fedex.com/ws/track/v6">US</CountryCode><Residential xmlns="http://fedex.com/ws/track/v6">false</Residential></Address><ArrivalLocation xmlns="http://fedex.com/ws/track/v6">DELIVERY_LOCATION</ArrivalLocation></Events><Events xmlns="http://fedex.com/ws/track/v6"><Timestamp xmlns="http://fedex.com/ws/track/v6">2013-04-25T08:59:00-07:00</Timestamp><EventType xmlns="http://fedex.com/ws/track/v6">OD</EventType><EventDescription xmlns="http://fedex.com/ws/track/v6">On FedEx vehicle for delivery</EventDescription><Address xmlns="http://fedex.com/ws/track/v6"><City xmlns="http://fedex.com/ws/track/v6">SUNNYVALE</City><StateOrProvinceCode xmlns="http://fedex.com/ws/track/v6">CA</StateOrProvinceCode><PostalCode xmlns="http://fedex.com/ws/track/v6">94089</PostalCode><CountryCode xmlns="http://fedex.com/ws/track/v6">US</CountryCode><Residential xmlns="http://fedex.com/ws/track/v6">false</Residential></Address><ArrivalLocation xmlns="http://fedex.com/ws/track/v6">VEHICLE</ArrivalLocation></Events><Events xmlns="http://fedex.com/ws/track/v6"><Timestamp xmlns="http://fedex.com/ws/track/v6">2013-04-25T07:20:00-07:00</Timestamp><EventType xmlns="http://fedex.com/ws/track/v6">AR</EventType><EventDescription xmlns="http://fedex.com/ws/track/v6">At local FedEx facility</EventDescription><Address xmlns="http://fedex.com/ws/track/v6"><City xmlns="http://fedex.com/ws/track/v6">SUNNYVALE</City><StateOrProvinceCode xmlns="http://fedex.com/ws/track/v6">CA</StateOrProvinceCode><PostalCode xmlns="http://fedex.com/ws/track/v6">94089</PostalCode><CountryCode xmlns="http://fedex.com/ws/track/v6">US</CountryCode><Residential xmlns="http://fedex.com/ws/track/v6">false</Residential></Address><ArrivalLocation xmlns="http://fedex.com/ws/track/v6">DESTINATION_FEDEX_FACILITY</ArrivalLocation></Events><Events xmlns="http://fedex.com/ws/track/v6"><Timestamp xmlns="http://fedex.com/ws/track/v6">2013-04-25T05:50:00-07:00</Timestamp><EventType xmlns="http://fedex.com/ws/track/v6">DP</EventType><EventDescription xmlns="http://fedex.com/ws/track/v6">Departed FedEx location</EventDescription><Address xmlns="http://fedex.com/ws/track/v6"><City xmlns="http://fedex.com/ws/track/v6">OAKLAND</City><StateOrProvinceCode xmlns="http://fedex.com/ws/track/v6">CA</StateOrProvinceCode><PostalCode xmlns="http://fedex.com/ws/track/v6">94621</PostalCode><CountryCode xmlns="http://fedex.com/ws/track/v6">US</CountryCode><Residential xmlns="http://fedex.com/ws/track/v6">false</Residential></Address><ArrivalLocation xmlns="http://fedex.com/ws/track/v6">FEDEX_FACILITY</ArrivalLocation></Events><Events xmlns="http://fedex.com/ws/track/v6"><Timestamp xmlns="http://fedex.com/ws/track/v6">2013-04-25T04:42:00-07:00</Timestamp><EventType xmlns="http://fedex.com/ws/track/v6">AR</EventType><EventDescription xmlns="http://fedex.com/ws/track/v6">Arrived at FedEx location</EventDescription><Address xmlns="http://fedex.com/ws/track/v6"><City xmlns="http://fedex.com/ws/track/v6">OAKLAND</City><StateOrProvinceCode xmlns="http://fedex.com/ws/track/v6">CA</StateOrProvinceCode><PostalCode xmlns="http://fedex.com/ws/track/v6">94621</PostalCode><CountryCode xmlns="http://fedex.com/ws/track/v6">US</CountryCode><Residential xmlns="http://fedex.com/ws/track/v6">false</Residential></Address><ArrivalLocation xmlns="http://fedex.com/ws/track/v6">FEDEX_FACILITY</ArrivalLocation></Events><Events xmlns="http://fedex.com/ws/track/v6"><Timestamp xmlns="http://fedex.com/ws/track/v6">2013-04-25T03:22:00-05:00</Timestamp><EventType xmlns="http://fedex.com/ws/track/v6">DP</EventType><EventDescription xmlns="http://fedex.com/ws/track/v6">Departed FedEx location</EventDescription><Address xmlns="http://fedex.com/ws/track/v6"><City xmlns="http://fedex.com/ws/track/v6">FORT WORTH</City><StateOrProvinceCode xmlns="http://fedex.com/ws/track/v6">TX</StateOrProvinceCode><PostalCode xmlns="http://fedex.com/ws/track/v6">76177</PostalCode><CountryCode xmlns="http://fedex.com/ws/track/v6">US</CountryCode><Residential xmlns="http://fedex.com/ws/track/v6">false</Residential></Address><ArrivalLocation xmlns="http://fedex.com/ws/track/v6">FEDEX_FACILITY</ArrivalLocation></Events><Events xmlns="http://fedex.com/ws/track/v6"><Timestamp xmlns="http://fedex.com/ws/track/v6">2013-04-24T21:19:00-05:00</Timestamp><EventType xmlns="http://fedex.com/ws/track/v6">AR</EventType><EventDescription xmlns="http://fedex.com/ws/track/v6">Arrived at FedEx location</EventDescription><Address xmlns="http://fedex.com/ws/track/v6"><City xmlns="http://fedex.com/ws/track/v6">FORT WORTH</City><StateOrProvinceCode xmlns="http://fedex.com/ws/track/v6">TX</StateOrProvinceCode><PostalCode xmlns="http://fedex.com/ws/track/v6">76177</PostalCode><CountryCode xmlns="http://fedex.com/ws/track/v6">US</CountryCode><Residential xmlns="http://fedex.com/ws/track/v6">false</Residential></Address><ArrivalLocation xmlns="http://fedex.com/ws/track/v6">FEDEX_FACILITY</ArrivalLocation></Events><Events xmlns="http://fedex.com/ws/track/v6"><Timestamp xmlns="http://fedex.com/ws/track/v6">2013-04-24T19:01:00-05:00</Timestamp><EventType xmlns="http://fedex.com/ws/track/v6">DP</EventType><EventDescription xmlns="http://fedex.com/ws/track/v6">Left FedEx origin facility</EventDescription><Address xmlns="http://fedex.com/ws/track/v6"><City xmlns="http://fedex.com/ws/track/v6">FORT WORTH</City><StateOrProvinceCode xmlns="http://fedex.com/ws/track/v6">TX</StateOrProvinceCode><PostalCode xmlns="http://fedex.com/ws/track/v6">76177</PostalCode><CountryCode xmlns="http://fedex.com/ws/track/v6">US</CountryCode><Residential xmlns="http://fedex.com/ws/track/v6">false</Residential></Address><ArrivalLocation xmlns="http://fedex.com/ws/track/v6">ORIGIN_FEDEX_FACILITY</ArrivalLocation></Events><Events xmlns="http://fedex.com/ws/track/v6"><Timestamp xmlns="http://fedex.com/ws/track/v6">2013-04-24T12:36:07-05:00</Timestamp><EventType xmlns="http://fedex.com/ws/track/v6">OC</EventType><EventDescription xmlns="http://fedex.com/ws/track/v6">Shipment information sent to FedEx</EventDescription><Address xmlns="http://fedex.com/ws/track/v6"><Residential xmlns="http://fedex.com/ws/track/v6">false</Residential></Address><ArrivalLocation xmlns="http://fedex.com/ws/track/v6">CUSTOMER</ArrivalLocation></Events><Events xmlns="http://fedex.com/ws/track/v6"><Timestamp xmlns="http://fedex.com/ws/track/v6">2013-04-24T10:36:00-05:00</Timestamp><EventType xmlns="http://fedex.com/ws/track/v6">PU</EventType><EventDescription xmlns="http://fedex.com/ws/track/v6">Picked up</EventDescription><Address xmlns="http://fedex.com/ws/track/v6"><City xmlns="http://fedex.com/ws/track/v6">FORT WORTH</City><StateOrProvinceCode xmlns="http://fedex.com/ws/track/v6">TX</StateOrProvinceCode><PostalCode xmlns="http://fedex.com/ws/track/v6">76177</PostalCode><CountryCode xmlns="http://fedex.com/ws/track/v6">US</CountryCode><Residential xmlns="http://fedex.com/ws/track/v6">false</Residential></Address><ArrivalLocation xmlns="http://fedex.com/ws/track/v6">PICKUP_LOCATION</ArrivalLocation></Events></TrackDetails></TrackReply></SOAP-ENV:Body></SOAP-ENV:Envelope>
=======================================================
=======================================================
= Elapsed: 1987 milliseconds
= In message: <?xml version="1.0" encoding="UTF-8"?><soapenv:Envelope xmlns:soapenv="http://schemas.xmlsoap.org/soap/envelope/" xmlns:xsd="http://www.w3.org/2001/XMLSchema" xmlns:xsi="http://www.w3.org/2001/XMLSchema-instance">
 <soapenv:Body>
  <TrackRequest xmlns="http://fedex.com/ws/track/v6">
   <WebAuthenticationDetail>
    <UserCredential>
     <Key>icXMly15PEVRik9t</Key>
     <Password>TsLAm4V11p3giquC3FSgS9R0S</Password>
    </UserCredential>
   </WebAuthenticationDetail>
   <ClientDetail>
    <AccountNumber>364908776</AccountNumber>
    <MeterNumber>105144842</MeterNumber>
   </ClientDetail>
   <TransactionDetail>
    <CustomerTransactionId>java sample - Tracking Request</CustomerTransactionId>
   </TransactionDetail>
   <Version>
    <ServiceId>trck</ServiceId>
    <Major>6</Major>
    <Intermediate>0</Intermediate>
    <Minor>0</Minor>
   </Version>
   <PackageIdentifier>
    <Value>502369599566</Value>
    <Type>TRACKING_NUMBER_OR_DOORTAG</Type>
   </PackageIdentifier>
   <IncludeDetailedScans>true</IncludeDetailedScans>
  </TrackRequest>
 </soapenv:Body>
</soapenv:Envelope>
= Out message: <SOAP-ENV:Envelope xmlns:SOAP-ENV="http://schemas.xmlsoap.org/soap/envelope/"><SOAP-ENV:Header/><SOAP-ENV:Body><TrackReply xmlns="http://fedex.com/ws/track/v6"><HighestSeverity xmlns="http://fedex.com/ws/track/v6">SUCCESS</HighestSeverity><Notifications xmlns="http://fedex.com/ws/track/v6"><Severity xmlns="http://fedex.com/ws/track/v6">SUCCESS</Severity><Source xmlns="http://fedex.com/ws/track/v6">trck</Source><Code xmlns="http://fedex.com/ws/track/v6">0</Code><Message xmlns="http://fedex.com/ws/track/v6">Request was successfully processed.</Message><LocalizedMessage xmlns="http://fedex.com/ws/track/v6">Request was successfully processed.</LocalizedMessage></Notifications><TransactionDetail xmlns="http://fedex.com/ws/track/v6"><CustomerTransactionId xmlns="http://fedex.com/ws/track/v6">java sample - Tracking Request</CustomerTransactionId></TransactionDetail><Version xmlns="http://fedex.com/ws/track/v6"><ServiceId xmlns="http://fedex.com/ws/track/v6">trck</ServiceId><Major xmlns="http://fedex.com/ws/track/v6">6</Major><Intermediate xmlns="http://fedex.com/ws/track/v6">0</Intermediate><Minor xmlns="http://fedex.com/ws/track/v6">0</Minor></Version><DuplicateWaybill xmlns="http://fedex.com/ws/track/v6">false</DuplicateWaybill><MoreData xmlns="http://fedex.com/ws/track/v6">false</MoreData><TrackDetails xmlns="http://fedex.com/ws/track/v6"><Notification xmlns="http://fedex.com/ws/track/v6"><Severity xmlns="http://fedex.com/ws/track/v6">SUCCESS</Severity><Source xmlns="http://fedex.com/ws/track/v6">trck</Source><Code xmlns="http://fedex.com/ws/track/v6">0</Code><Message xmlns="http://fedex.com/ws/track/v6">Request was successfully processed.</Message><LocalizedMessage xmlns="http://fedex.com/ws/track/v6">Request was successfully processed.</LocalizedMessage></Notification><TrackingNumber xmlns="http://fedex.com/ws/track/v6">502369599566</TrackingNumber><TrackingNumberUniqueIdentifier xmlns="http://fedex.com/ws/track/v6">2456407000~502369599566~FX</TrackingNumberUniqueIdentifier><StatusCode xmlns="http://fedex.com/ws/track/v6">DL</StatusCode><StatusDescription xmlns="http://fedex.com/ws/track/v6">Delivered</StatusDescription><CarrierCode xmlns="http://fedex.com/ws/track/v6">FDXE</CarrierCode><OtherIdentifiers xmlns="http://fedex.com/ws/track/v6"><Value xmlns="http://fedex.com/ws/track/v6">275087702</Value><Type xmlns="http://fedex.com/ws/track/v6">SHIPPER_REFERENCE</Type></OtherIdentifiers><ServiceInfo xmlns="http://fedex.com/ws/track/v6">Standard Overnight</ServiceInfo><ServiceType xmlns="http://fedex.com/ws/track/v6">STANDARD_OVERNIGHT</ServiceType><PackageWeight xmlns="http://fedex.com/ws/track/v6"><Units xmlns="http://fedex.com/ws/track/v6">LB</Units><Value xmlns="http://fedex.com/ws/track/v6">2.0</Value></PackageWeight><ShipmentWeight xmlns="http://fedex.com/ws/track/v6"><Units xmlns="http://fedex.com/ws/track/v6">LB</Units><Value xmlns="http://fedex.com/ws/track/v6">2.0</Value></ShipmentWeight><Packaging xmlns="http://fedex.com/ws/track/v6">Your Packaging</Packaging><PackageSequenceNumber xmlns="http://fedex.com/ws/track/v6">1</PackageSequenceNumber><PackageCount xmlns="http://fedex.com/ws/track/v6">1</PackageCount><ShipTimestamp xmlns="http://fedex.com/ws/track/v6">2013-04-24T10:36:00-05:00</ShipTimestamp><DestinationAddress xmlns="http://fedex.com/ws/track/v6"><City xmlns="http://fedex.com/ws/track/v6">CAMPBELL</City><StateOrProvinceCode xmlns="http://fedex.com/ws/track/v6">CA</StateOrProvinceCode><CountryCode xmlns="http://fedex.com/ws/track/v6">US</CountryCode><Residential xmlns="http://fedex.com/ws/track/v6">false</Residential></DestinationAddress><ActualDeliveryTimestamp xmlns="http://fedex.com/ws/track/v6">2013-04-25T11:04:00-07:00</ActualDeliveryTimestamp><ActualDeliveryAddress xmlns="http://fedex.com/ws/track/v6"><City xmlns="http://fedex.com/ws/track/v6">CAMPBELL</City><StateOrProvinceCode xmlns="http://fedex.com/ws/track/v6">CA</StateOrProvinceCode><CountryCode xmlns="http://fedex.com/ws/track/v6">US</CountryCode><Residential xmlns="http://fedex.com/ws/track/v6">false</Residential></ActualDeliveryAddress><DeliveryLocationType xmlns="http://fedex.com/ws/track/v6">RESIDENCE</DeliveryLocationType><DeliveryLocationDescription xmlns="http://fedex.com/ws/track/v6">Residence</DeliveryLocationDescription><DeliverySignatureName xmlns="http://fedex.com/ws/track/v6">Signature not required</DeliverySignatureName><SignatureProofOfDeliveryAvailable xmlns="http://fedex.com/ws/track/v6">false</SignatureProofOfDeliveryAvailable><NotificationEventsAvailable xmlns="http://fedex.com/ws/track/v6">ON_DELIVERY</NotificationEventsAvailable><RedirectToHoldEligibility xmlns="http://fedex.com/ws/track/v6">INELIGIBLE</RedirectToHoldEligibility><Events xmlns="http://fedex.com/ws/track/v6"><Timestamp xmlns="http://fedex.com/ws/track/v6">2013-04-25T11:04:00-07:00</Timestamp><EventType xmlns="http://fedex.com/ws/track/v6">DL</EventType><EventDescription xmlns="http://fedex.com/ws/track/v6">Delivered</EventDescription><StatusExceptionCode xmlns="http://fedex.com/ws/track/v6">02</StatusExceptionCode><StatusExceptionDescription xmlns="http://fedex.com/ws/track/v6">Left at front door. Package delivered to recipient address - release authorized</StatusExceptionDescription><Address xmlns="http://fedex.com/ws/track/v6"><City xmlns="http://fedex.com/ws/track/v6">CAMPBELL</City><StateOrProvinceCode xmlns="http://fedex.com/ws/track/v6">CA</StateOrProvinceCode><PostalCode xmlns="http://fedex.com/ws/track/v6">95008</PostalCode><CountryCode xmlns="http://fedex.com/ws/track/v6">US</CountryCode><Residential xmlns="http://fedex.com/ws/track/v6">false</Residential></Address><ArrivalLocation xmlns="http://fedex.com/ws/track/v6">DELIVERY_LOCATION</ArrivalLocation></Events><Events xmlns="http://fedex.com/ws/track/v6"><Timestamp xmlns="http://fedex.com/ws/track/v6">2013-04-25T08:59:00-07:00</Timestamp><EventType xmlns="http://fedex.com/ws/track/v6">OD</EventType><EventDescription xmlns="http://fedex.com/ws/track/v6">On FedEx vehicle for delivery</EventDescription><Address xmlns="http://fedex.com/ws/track/v6"><City xmlns="http://fedex.com/ws/track/v6">SUNNYVALE</City><StateOrProvinceCode xmlns="http://fedex.com/ws/track/v6">CA</StateOrProvinceCode><PostalCode xmlns="http://fedex.com/ws/track/v6">94089</PostalCode><CountryCode xmlns="http://fedex.com/ws/track/v6">US</CountryCode><Residential xmlns="http://fedex.com/ws/track/v6">false</Residential></Address><ArrivalLocation xmlns="http://fedex.com/ws/track/v6">VEHICLE</ArrivalLocation></Events><Events xmlns="http://fedex.com/ws/track/v6"><Timestamp xmlns="http://fedex.com/ws/track/v6">2013-04-25T07:20:00-07:00</Timestamp><EventType xmlns="http://fedex.com/ws/track/v6">AR</EventType><EventDescription xmlns="http://fedex.com/ws/track/v6">At local FedEx facility</EventDescription><Address xmlns="http://fedex.com/ws/track/v6"><City xmlns="http://fedex.com/ws/track/v6">SUNNYVALE</City><StateOrProvinceCode xmlns="http://fedex.com/ws/track/v6">CA</StateOrProvinceCode><PostalCode xmlns="http://fedex.com/ws/track/v6">94089</PostalCode><CountryCode xmlns="http://fedex.com/ws/track/v6">US</CountryCode><Residential xmlns="http://fedex.com/ws/track/v6">false</Residential></Address><ArrivalLocation xmlns="http://fedex.com/ws/track/v6">DESTINATION_FEDEX_FACILITY</ArrivalLocation></Events><Events xmlns="http://fedex.com/ws/track/v6"><Timestamp xmlns="http://fedex.com/ws/track/v6">2013-04-25T05:50:00-07:00</Timestamp><EventType xmlns="http://fedex.com/ws/track/v6">DP</EventType><EventDescription xmlns="http://fedex.com/ws/track/v6">Departed FedEx location</EventDescription><Address xmlns="http://fedex.com/ws/track/v6"><City xmlns="http://fedex.com/ws/track/v6">OAKLAND</City><StateOrProvinceCode xmlns="http://fedex.com/ws/track/v6">CA</StateOrProvinceCode><PostalCode xmlns="http://fedex.com/ws/track/v6">94621</PostalCode><CountryCode xmlns="http://fedex.com/ws/track/v6">US</CountryCode><Residential xmlns="http://fedex.com/ws/track/v6">false</Residential></Address><ArrivalLocation xmlns="http://fedex.com/ws/track/v6">FEDEX_FACILITY</ArrivalLocation></Events><Events xmlns="http://fedex.com/ws/track/v6"><Timestamp xmlns="http://fedex.com/ws/track/v6">2013-04-25T04:42:00-07:00</Timestamp><EventType xmlns="http://fedex.com/ws/track/v6">AR</EventType><EventDescription xmlns="http://fedex.com/ws/track/v6">Arrived at FedEx location</EventDescription><Address xmlns="http://fedex.com/ws/track/v6"><City xmlns="http://fedex.com/ws/track/v6">OAKLAND</City><StateOrProvinceCode xmlns="http://fedex.com/ws/track/v6">CA</StateOrProvinceCode><PostalCode xmlns="http://fedex.com/ws/track/v6">94621</PostalCode><CountryCode xmlns="http://fedex.com/ws/track/v6">US</CountryCode><Residential xmlns="http://fedex.com/ws/track/v6">false</Residential></Address><ArrivalLocation xmlns="http://fedex.com/ws/track/v6">FEDEX_FACILITY</ArrivalLocation></Events><Events xmlns="http://fedex.com/ws/track/v6"><Timestamp xmlns="http://fedex.com/ws/track/v6">2013-04-25T03:22:00-05:00</Timestamp><EventType xmlns="http://fedex.com/ws/track/v6">DP</EventType><EventDescription xmlns="http://fedex.com/ws/track/v6">Departed FedEx location</EventDescription><Address xmlns="http://fedex.com/ws/track/v6"><City xmlns="http://fedex.com/ws/track/v6">FORT WORTH</City><StateOrProvinceCode xmlns="http://fedex.com/ws/track/v6">TX</StateOrProvinceCode><PostalCode xmlns="http://fedex.com/ws/track/v6">76177</PostalCode><CountryCode xmlns="http://fedex.com/ws/track/v6">US</CountryCode><Residential xmlns="http://fedex.com/ws/track/v6">false</Residential></Address><ArrivalLocation xmlns="http://fedex.com/ws/track/v6">FEDEX_FACILITY</ArrivalLocation></Events><Events xmlns="http://fedex.com/ws/track/v6"><Timestamp xmlns="http://fedex.com/ws/track/v6">2013-04-24T21:19:00-05:00</Timestamp><EventType xmlns="http://fedex.com/ws/track/v6">AR</EventType><EventDescription xmlns="http://fedex.com/ws/track/v6">Arrived at FedEx location</EventDescription><Address xmlns="http://fedex.com/ws/track/v6"><City xmlns="http://fedex.com/ws/track/v6">FORT WORTH</City><StateOrProvinceCode xmlns="http://fedex.com/ws/track/v6">TX</StateOrProvinceCode><PostalCode xmlns="http://fedex.com/ws/track/v6">76177</PostalCode><CountryCode xmlns="http://fedex.com/ws/track/v6">US</CountryCode><Residential xmlns="http://fedex.com/ws/track/v6">false</Residential></Address><ArrivalLocation xmlns="http://fedex.com/ws/track/v6">FEDEX_FACILITY</ArrivalLocation></Events><Events xmlns="http://fedex.com/ws/track/v6"><Timestamp xmlns="http://fedex.com/ws/track/v6">2013-04-24T19:01:00-05:00</Timestamp><EventType xmlns="http://fedex.com/ws/track/v6">DP</EventType><EventDescription xmlns="http://fedex.com/ws/track/v6">Left FedEx origin facility</EventDescription><Address xmlns="http://fedex.com/ws/track/v6"><City xmlns="http://fedex.com/ws/track/v6">FORT WORTH</City><StateOrProvinceCode xmlns="http://fedex.com/ws/track/v6">TX</StateOrProvinceCode><PostalCode xmlns="http://fedex.com/ws/track/v6">76177</PostalCode><CountryCode xmlns="http://fedex.com/ws/track/v6">US</CountryCode><Residential xmlns="http://fedex.com/ws/track/v6">false</Residential></Address><ArrivalLocation xmlns="http://fedex.com/ws/track/v6">ORIGIN_FEDEX_FACILITY</ArrivalLocation></Events><Events xmlns="http://fedex.com/ws/track/v6"><Timestamp xmlns="http://fedex.com/ws/track/v6">2013-04-24T12:36:07-05:00</Timestamp><EventType xmlns="http://fedex.com/ws/track/v6">OC</EventType><EventDescription xmlns="http://fedex.com/ws/track/v6">Shipment information sent to FedEx</EventDescription><Address xmlns="http://fedex.com/ws/track/v6"><Residential xmlns="http://fedex.com/ws/track/v6">false</Residential></Address><ArrivalLocation xmlns="http://fedex.com/ws/track/v6">CUSTOMER</ArrivalLocation></Events><Events xmlns="http://fedex.com/ws/track/v6"><Timestamp xmlns="http://fedex.com/ws/track/v6">2013-04-24T10:36:00-05:00</Timestamp><EventType xmlns="http://fedex.com/ws/track/v6">PU</EventType><EventDescription xmlns="http://fedex.com/ws/track/v6">Picked up</EventDescription><Address xmlns="http://fedex.com/ws/track/v6"><City xmlns="http://fedex.com/ws/track/v6">FORT WORTH</City><StateOrProvinceCode xmlns="http://fedex.com/ws/track/v6">TX</StateOrProvinceCode><PostalCode xmlns="http://fedex.com/ws/track/v6">76177</PostalCode><CountryCode xmlns="http://fedex.com/ws/track/v6">US</CountryCode><Residential xmlns="http://fedex.com/ws/track/v6">false</Residential></Address><ArrivalLocation xmlns="http://fedex.com/ws/track/v6">PICKUP_LOCATION</ArrivalLocation></Events></TrackDetails></TrackReply></SOAP-ENV:Body></SOAP-ENV:Envelope>
=======================================================
=======================================================
= Elapsed: 1150 milliseconds
= In message: <?xml version="1.0" encoding="UTF-8"?><soapenv:Envelope xmlns:soapenv="http://schemas.xmlsoap.org/soap/envelope/" xmlns:xsd="http://www.w3.org/2001/XMLSchema" xmlns:xsi="http://www.w3.org/2001/XMLSchema-instance">
 <soapenv:Body>
  <TrackRequest xmlns="http://fedex.com/ws/track/v6">
   <WebAuthenticationDetail>
    <UserCredential>
     <Key>icXMly15PEVRik9t</Key>
     <Password>TsLAm4V11p3giquC3FSgS9R0S</Password>
    </UserCredential>
   </WebAuthenticationDetail>
   <ClientDetail>
    <AccountNumber>364908776</AccountNumber>
    <MeterNumber>105144842</MeterNumber>
   </ClientDetail>
   <TransactionDetail>
    <CustomerTransactionId>java sample - Tracking Request</CustomerTransactionId>
   </TransactionDetail>
   <Version>
    <ServiceId>trck</ServiceId>
    <Major>6</Major>
    <Intermediate>0</Intermediate>
    <Minor>0</Minor>
   </Version>
   <PackageIdentifier>
    <Value>502369599566</Value>
    <Type>TRACKING_NUMBER_OR_DOORTAG</Type>
   </PackageIdentifier>
   <IncludeDetailedScans>true</IncludeDetailedScans>
  </TrackRequest>
 </soapenv:Body>
</soapenv:Envelope>
= Out message: <SOAP-ENV:Envelope xmlns:SOAP-ENV="http://schemas.xmlsoap.org/soap/envelope/"><SOAP-ENV:Header/><SOAP-ENV:Body><TrackReply xmlns="http://fedex.com/ws/track/v6"><HighestSeverity xmlns="http://fedex.com/ws/track/v6">SUCCESS</HighestSeverity><Notifications xmlns="http://fedex.com/ws/track/v6"><Severity xmlns="http://fedex.com/ws/track/v6">SUCCESS</Severity><Source xmlns="http://fedex.com/ws/track/v6">trck</Source><Code xmlns="http://fedex.com/ws/track/v6">0</Code><Message xmlns="http://fedex.com/ws/track/v6">Request was successfully processed.</Message><LocalizedMessage xmlns="http://fedex.com/ws/track/v6">Request was successfully processed.</LocalizedMessage></Notifications><TransactionDetail xmlns="http://fedex.com/ws/track/v6"><CustomerTransactionId xmlns="http://fedex.com/ws/track/v6">java sample - Tracking Request</CustomerTransactionId></TransactionDetail><Version xmlns="http://fedex.com/ws/track/v6"><ServiceId xmlns="http://fedex.com/ws/track/v6">trck</ServiceId><Major xmlns="http://fedex.com/ws/track/v6">6</Major><Intermediate xmlns="http://fedex.com/ws/track/v6">0</Intermediate><Minor xmlns="http://fedex.com/ws/track/v6">0</Minor></Version><DuplicateWaybill xmlns="http://fedex.com/ws/track/v6">false</DuplicateWaybill><MoreData xmlns="http://fedex.com/ws/track/v6">false</MoreData><TrackDetails xmlns="http://fedex.com/ws/track/v6"><Notification xmlns="http://fedex.com/ws/track/v6"><Severity xmlns="http://fedex.com/ws/track/v6">SUCCESS</Severity><Source xmlns="http://fedex.com/ws/track/v6">trck</Source><Code xmlns="http://fedex.com/ws/track/v6">0</Code><Message xmlns="http://fedex.com/ws/track/v6">Request was successfully processed.</Message><LocalizedMessage xmlns="http://fedex.com/ws/track/v6">Request was successfully processed.</LocalizedMessage></Notification><TrackingNumber xmlns="http://fedex.com/ws/track/v6">502369599566</TrackingNumber><TrackingNumberUniqueIdentifier xmlns="http://fedex.com/ws/track/v6">2456407000~502369599566~FX</TrackingNumberUniqueIdentifier><StatusCode xmlns="http://fedex.com/ws/track/v6">DL</StatusCode><StatusDescription xmlns="http://fedex.com/ws/track/v6">Delivered</StatusDescription><CarrierCode xmlns="http://fedex.com/ws/track/v6">FDXE</CarrierCode><OtherIdentifiers xmlns="http://fedex.com/ws/track/v6"><Value xmlns="http://fedex.com/ws/track/v6">275087702</Value><Type xmlns="http://fedex.com/ws/track/v6">SHIPPER_REFERENCE</Type></OtherIdentifiers><ServiceInfo xmlns="http://fedex.com/ws/track/v6">Standard Overnight</ServiceInfo><ServiceType xmlns="http://fedex.com/ws/track/v6">STANDARD_OVERNIGHT</ServiceType><PackageWeight xmlns="http://fedex.com/ws/track/v6"><Units xmlns="http://fedex.com/ws/track/v6">LB</Units><Value xmlns="http://fedex.com/ws/track/v6">2.0</Value></PackageWeight><ShipmentWeight xmlns="http://fedex.com/ws/track/v6"><Units xmlns="http://fedex.com/ws/track/v6">LB</Units><Value xmlns="http://fedex.com/ws/track/v6">2.0</Value></ShipmentWeight><Packaging xmlns="http://fedex.com/ws/track/v6">Your Packaging</Packaging><PackageSequenceNumber xmlns="http://fedex.com/ws/track/v6">1</PackageSequenceNumber><PackageCount xmlns="http://fedex.com/ws/track/v6">1</PackageCount><ShipTimestamp xmlns="http://fedex.com/ws/track/v6">2013-04-24T10:36:00-05:00</ShipTimestamp><DestinationAddress xmlns="http://fedex.com/ws/track/v6"><City xmlns="http://fedex.com/ws/track/v6">CAMPBELL</City><StateOrProvinceCode xmlns="http://fedex.com/ws/track/v6">CA</StateOrProvinceCode><CountryCode xmlns="http://fedex.com/ws/track/v6">US</CountryCode><Residential xmlns="http://fedex.com/ws/track/v6">false</Residential></DestinationAddress><ActualDeliveryTimestamp xmlns="http://fedex.com/ws/track/v6">2013-04-25T11:04:00-07:00</ActualDeliveryTimestamp><ActualDeliveryAddress xmlns="http://fedex.com/ws/track/v6"><City xmlns="http://fedex.com/ws/track/v6">CAMPBELL</City><StateOrProvinceCode xmlns="http://fedex.com/ws/track/v6">CA</StateOrProvinceCode><CountryCode xmlns="http://fedex.com/ws/track/v6">US</CountryCode><Residential xmlns="http://fedex.com/ws/track/v6">false</Residential></ActualDeliveryAddress><DeliveryLocationType xmlns="http://fedex.com/ws/track/v6">RESIDENCE</DeliveryLocationType><DeliveryLocationDescription xmlns="http://fedex.com/ws/track/v6">Residence</DeliveryLocationDescription><DeliverySignatureName xmlns="http://fedex.com/ws/track/v6">Signature not required</DeliverySignatureName><SignatureProofOfDeliveryAvailable xmlns="http://fedex.com/ws/track/v6">false</SignatureProofOfDeliveryAvailable><NotificationEventsAvailable xmlns="http://fedex.com/ws/track/v6">ON_DELIVERY</NotificationEventsAvailable><RedirectToHoldEligibility xmlns="http://fedex.com/ws/track/v6">INELIGIBLE</RedirectToHoldEligibility><Events xmlns="http://fedex.com/ws/track/v6"><Timestamp xmlns="http://fedex.com/ws/track/v6">2013-04-25T11:04:00-07:00</Timestamp><EventType xmlns="http://fedex.com/ws/track/v6">DL</EventType><EventDescription xmlns="http://fedex.com/ws/track/v6">Delivered</EventDescription><StatusExceptionCode xmlns="http://fedex.com/ws/track/v6">02</StatusExceptionCode><StatusExceptionDescription xmlns="http://fedex.com/ws/track/v6">Left at front door. Package delivered to recipient address - release authorized</StatusExceptionDescription><Address xmlns="http://fedex.com/ws/track/v6"><City xmlns="http://fedex.com/ws/track/v6">CAMPBELL</City><StateOrProvinceCode xmlns="http://fedex.com/ws/track/v6">CA</StateOrProvinceCode><PostalCode xmlns="http://fedex.com/ws/track/v6">95008</PostalCode><CountryCode xmlns="http://fedex.com/ws/track/v6">US</CountryCode><Residential xmlns="http://fedex.com/ws/track/v6">false</Residential></Address><ArrivalLocation xmlns="http://fedex.com/ws/track/v6">DELIVERY_LOCATION</ArrivalLocation></Events><Events xmlns="http://fedex.com/ws/track/v6"><Timestamp xmlns="http://fedex.com/ws/track/v6">2013-04-25T08:59:00-07:00</Timestamp><EventType xmlns="http://fedex.com/ws/track/v6">OD</EventType><EventDescription xmlns="http://fedex.com/ws/track/v6">On FedEx vehicle for delivery</EventDescription><Address xmlns="http://fedex.com/ws/track/v6"><City xmlns="http://fedex.com/ws/track/v6">SUNNYVALE</City><StateOrProvinceCode xmlns="http://fedex.com/ws/track/v6">CA</StateOrProvinceCode><PostalCode xmlns="http://fedex.com/ws/track/v6">94089</PostalCode><CountryCode xmlns="http://fedex.com/ws/track/v6">US</CountryCode><Residential xmlns="http://fedex.com/ws/track/v6">false</Residential></Address><ArrivalLocation xmlns="http://fedex.com/ws/track/v6">VEHICLE</ArrivalLocation></Events><Events xmlns="http://fedex.com/ws/track/v6"><Timestamp xmlns="http://fedex.com/ws/track/v6">2013-04-25T07:20:00-07:00</Timestamp><EventType xmlns="http://fedex.com/ws/track/v6">AR</EventType><EventDescription xmlns="http://fedex.com/ws/track/v6">At local FedEx facility</EventDescription><Address xmlns="http://fedex.com/ws/track/v6"><City xmlns="http://fedex.com/ws/track/v6">SUNNYVALE</City><StateOrProvinceCode xmlns="http://fedex.com/ws/track/v6">CA</StateOrProvinceCode><PostalCode xmlns="http://fedex.com/ws/track/v6">94089</PostalCode><CountryCode xmlns="http://fedex.com/ws/track/v6">US</CountryCode><Residential xmlns="http://fedex.com/ws/track/v6">false</Residential></Address><ArrivalLocation xmlns="http://fedex.com/ws/track/v6">DESTINATION_FEDEX_FACILITY</ArrivalLocation></Events><Events xmlns="http://fedex.com/ws/track/v6"><Timestamp xmlns="http://fedex.com/ws/track/v6">2013-04-25T05:50:00-07:00</Timestamp><EventType xmlns="http://fedex.com/ws/track/v6">DP</EventType><EventDescription xmlns="http://fedex.com/ws/track/v6">Departed FedEx location</EventDescription><Address xmlns="http://fedex.com/ws/track/v6"><City xmlns="http://fedex.com/ws/track/v6">OAKLAND</City><StateOrProvinceCode xmlns="http://fedex.com/ws/track/v6">CA</StateOrProvinceCode><PostalCode xmlns="http://fedex.com/ws/track/v6">94621</PostalCode><CountryCode xmlns="http://fedex.com/ws/track/v6">US</CountryCode><Residential xmlns="http://fedex.com/ws/track/v6">false</Residential></Address><ArrivalLocation xmlns="http://fedex.com/ws/track/v6">FEDEX_FACILITY</ArrivalLocation></Events><Events xmlns="http://fedex.com/ws/track/v6"><Timestamp xmlns="http://fedex.com/ws/track/v6">2013-04-25T04:42:00-07:00</Timestamp><EventType xmlns="http://fedex.com/ws/track/v6">AR</EventType><EventDescription xmlns="http://fedex.com/ws/track/v6">Arrived at FedEx location</EventDescription><Address xmlns="http://fedex.com/ws/track/v6"><City xmlns="http://fedex.com/ws/track/v6">OAKLAND</City><StateOrProvinceCode xmlns="http://fedex.com/ws/track/v6">CA</StateOrProvinceCode><PostalCode xmlns="http://fedex.com/ws/track/v6">94621</PostalCode><CountryCode xmlns="http://fedex.com/ws/track/v6">US</CountryCode><Residential xmlns="http://fedex.com/ws/track/v6">false</Residential></Address><ArrivalLocation xmlns="http://fedex.com/ws/track/v6">FEDEX_FACILITY</ArrivalLocation></Events><Events xmlns="http://fedex.com/ws/track/v6"><Timestamp xmlns="http://fedex.com/ws/track/v6">2013-04-25T03:22:00-05:00</Timestamp><EventType xmlns="http://fedex.com/ws/track/v6">DP</EventType><EventDescription xmlns="http://fedex.com/ws/track/v6">Departed FedEx location</EventDescription><Address xmlns="http://fedex.com/ws/track/v6"><City xmlns="http://fedex.com/ws/track/v6">FORT WORTH</City><StateOrProvinceCode xmlns="http://fedex.com/ws/track/v6">TX</StateOrProvinceCode><PostalCode xmlns="http://fedex.com/ws/track/v6">76177</PostalCode><CountryCode xmlns="http://fedex.com/ws/track/v6">US</CountryCode><Residential xmlns="http://fedex.com/ws/track/v6">false</Residential></Address><ArrivalLocation xmlns="http://fedex.com/ws/track/v6">FEDEX_FACILITY</ArrivalLocation></Events><Events xmlns="http://fedex.com/ws/track/v6"><Timestamp xmlns="http://fedex.com/ws/track/v6">2013-04-24T21:19:00-05:00</Timestamp><EventType xmlns="http://fedex.com/ws/track/v6">AR</EventType><EventDescription xmlns="http://fedex.com/ws/track/v6">Arrived at FedEx location</EventDescription><Address xmlns="http://fedex.com/ws/track/v6"><City xmlns="http://fedex.com/ws/track/v6">FORT WORTH</City><StateOrProvinceCode xmlns="http://fedex.com/ws/track/v6">TX</StateOrProvinceCode><PostalCode xmlns="http://fedex.com/ws/track/v6">76177</PostalCode><CountryCode xmlns="http://fedex.com/ws/track/v6">US</CountryCode><Residential xmlns="http://fedex.com/ws/track/v6">false</Residential></Address><ArrivalLocation xmlns="http://fedex.com/ws/track/v6">FEDEX_FACILITY</ArrivalLocation></Events><Events xmlns="http://fedex.com/ws/track/v6"><Timestamp xmlns="http://fedex.com/ws/track/v6">2013-04-24T19:01:00-05:00</Timestamp><EventType xmlns="http://fedex.com/ws/track/v6">DP</EventType><EventDescription xmlns="http://fedex.com/ws/track/v6">Left FedEx origin facility</EventDescription><Address xmlns="http://fedex.com/ws/track/v6"><City xmlns="http://fedex.com/ws/track/v6">FORT WORTH</City><StateOrProvinceCode xmlns="http://fedex.com/ws/track/v6">TX</StateOrProvinceCode><PostalCode xmlns="http://fedex.com/ws/track/v6">76177</PostalCode><CountryCode xmlns="http://fedex.com/ws/track/v6">US</CountryCode><Residential xmlns="http://fedex.com/ws/track/v6">false</Residential></Address><ArrivalLocation xmlns="http://fedex.com/ws/track/v6">ORIGIN_FEDEX_FACILITY</ArrivalLocation></Events><Events xmlns="http://fedex.com/ws/track/v6"><Timestamp xmlns="http://fedex.com/ws/track/v6">2013-04-24T12:36:07-05:00</Timestamp><EventType xmlns="http://fedex.com/ws/track/v6">OC</EventType><EventDescription xmlns="http://fedex.com/ws/track/v6">Shipment information sent to FedEx</EventDescription><Address xmlns="http://fedex.com/ws/track/v6"><Residential xmlns="http://fedex.com/ws/track/v6">false</Residential></Address><ArrivalLocation xmlns="http://fedex.com/ws/track/v6">CUSTOMER</ArrivalLocation></Events><Events xmlns="http://fedex.com/ws/track/v6"><Timestamp xmlns="http://fedex.com/ws/track/v6">2013-04-24T10:36:00-05:00</Timestamp><EventType xmlns="http://fedex.com/ws/track/v6">PU</EventType><EventDescription xmlns="http://fedex.com/ws/track/v6">Picked up</EventDescription><Address xmlns="http://fedex.com/ws/track/v6"><City xmlns="http://fedex.com/ws/track/v6">FORT WORTH</City><StateOrProvinceCode xmlns="http://fedex.com/ws/track/v6">TX</StateOrProvinceCode><PostalCode xmlns="http://fedex.com/ws/track/v6">76177</PostalCode><CountryCode xmlns="http://fedex.com/ws/track/v6">US</CountryCode><Residential xmlns="http://fedex.com/ws/track/v6">false</Residential></Address><ArrivalLocation xmlns="http://fedex.com/ws/track/v6">PICKUP_LOCATION</ArrivalLocation></Events></TrackDetails></TrackReply></SOAP-ENV:Body></SOAP-ENV:Envelope>
=======================================================
